<?xml version="1.0" encoding="UTF-8"?>
<testsuite xmlns:xsi="http://www.w3.org/2001/XMLSchema-instance" xsi:noNamespaceSchemaLocation="https://maven.apache.org/surefire/maven-surefire-plugin/xsd/surefire-test-report-3.0.xsd" version="3.0" name="com.trionix.maps.internal.MapStateTest" time="0.055" tests="4" errors="0" skipped="0" failures="0">
  <properties>
[...]
</properties>
  <testcase name="returnsEmptyListWhenViewportIsZeroSized" classname="com.trionix.maps.internal.MapStateTest" time="0.025"/>
  <testcase name="calculatesVisibleTilesAcrossFullViewport" classname="com.trionix.maps.internal.MapStateTest" time="0.01"/>
  <testcase name="wrapsLongitudeWhenViewportCrossesAntimeridian" classname="com.trionix.maps.internal.MapStateTest" time="0.009"/>
  <testcase name="clampsLatitudeToValidTileRange" classname="com.trionix.maps.internal.MapStateTest" time="0.002"/>
</testsuite>